{"J:\\ecommerce-backend_v2\\src\\app.ts": {"path":"J:\\ecommerce-backend_v2\\src\\app.ts","statementMap":{"0":{"start":{"line":19,"column":6},"end":{"line":19,"column":101}},"1":{"start":{"line":22,"column":0},"end":{"line":22,"column":null}},"2":{"start":{"line":23,"column":0},"end":{"line":23,"column":null}},"3":{"start":{"line":26,"column":0},"end":{"line":28,"column":null}},"4":{"start":{"line":38,"column":0},"end":{"line":45,"column":null}},"5":{"start":{"line":39,"column":4},"end":{"line":43,"column":null}},"6":{"start":{"line":40,"column":8},"end":{"line":40,"column":null}},"7":{"start":{"line":43,"column":8},"end":{"line":43,"column":null}},"8":{"start":{"line":52,"column":0},"end":{"line":71,"column":null}},"9":{"start":{"line":74,"column":0},"end":{"line":76,"column":null}},"10":{"start":{"line":80,"column":0},"end":{"line":80,"column":null}},"11":{"start":{"line":81,"column":0},"end":{"line":81,"column":null}},"12":{"start":{"line":84,"column":0},"end":{"line":84,"column":null}},"13":{"start":{"line":86,"column":14},"end":{"line":92,"column":null}},"14":{"start":{"line":87,"column":1},"end":{"line":92,"column":null}},"15":{"start":{"line":88,"column":2},"end":{"line":88,"column":null}},"16":{"start":{"line":89,"column":2},"end":{"line":89,"column":null}},"17":{"start":{"line":91,"column":2},"end":{"line":91,"column":null}},"18":{"start":{"line":92,"column":2},"end":{"line":92,"column":null}},"19":{"start":{"line":95,"column":0},"end":{"line":96,"column":null}},"20":{"start":{"line":96,"column":2},"end":{"line":96,"column":null}}},"fnMap":{"0":{"name":"(anonymous_0)","decl":{"start":{"line":38,"column":29},"end":{"line":38,"column":45}},"loc":{"start":{"line":38,"column":71},"end":{"line":45,"column":null}},"line":38},"1":{"name":"(anonymous_1)","decl":{"start":{"line":86,"column":14},"end":{"line":86,"column":26}},"loc":{"start":{"line":86,"column":26},"end":{"line":92,"column":null}},"line":86}},"branchMap":{"0":{"loc":{"start":{"line":27,"column":12},"end":{"line":27,"column":null}},"type":"binary-expr","locations":[{"start":{"line":27,"column":12},"end":{"line":27,"column":38}},{"start":{"line":27,"column":38},"end":{"line":27,"column":null}}],"line":27},"1":{"loc":{"start":{"line":88,"column":27},"end":{"line":88,"column":79}},"type":"cond-expr","locations":[{"start":{"line":88,"column":46},"end":{"line":88,"column":70}},{"start":{"line":88,"column":73},"end":{"line":88,"column":79}}],"line":88},"2":{"loc":{"start":{"line":95,"column":0},"end":{"line":96,"column":null}},"type":"if","locations":[{"start":{"line":95,"column":0},"end":{"line":96,"column":null}},{"start":{},"end":{}}],"line":95}},"s":{"0":2,"1":2,"2":2,"3":2,"4":2,"5":14,"6":14,"7":0,"8":2,"9":2,"10":2,"11":2,"12":2,"13":2,"14":0,"15":0,"16":0,"17":0,"18":0,"19":2,"20":0},"f":{"0":14,"1":0},"b":{"0":[2,2],"1":[0,0],"2":[0,2]},"meta":{"lastBranch":3,"lastFunction":2,"lastStatement":21,"seen":{"s:19:6:19:101":0,"s:22:0:22:Infinity":1,"s:23:0:23:Infinity":2,"s:26:0:28:Infinity":3,"b:27:12:27:38:27:38:27:Infinity":0,"s:38:0:45:Infinity":4,"f:38:29:38:45":0,"s:39:4:43:Infinity":5,"s:40:8:40:Infinity":6,"s:43:8:43:Infinity":7,"s:52:0:71:Infinity":8,"s:74:0:76:Infinity":9,"s:80:0:80:Infinity":10,"s:81:0:81:Infinity":11,"s:84:0:84:Infinity":12,"s:86:14:92:Infinity":13,"f:86:14:86:26":1,"s:87:1:92:Infinity":14,"s:88:2:88:Infinity":15,"b:88:46:88:70:88:73:88:79":1,"s:89:2:89:Infinity":16,"s:91:2:91:Infinity":17,"s:92:2:92:Infinity":18,"b:95:0:96:Infinity:undefined:undefined:undefined:undefined":2,"s:95:0:96:Infinity":19,"s:96:2:96:Infinity":20}}}
,"J:\\ecommerce-backend_v2\\src\\config\\prisma.ts": {"path":"J:\\ecommerce-backend_v2\\src\\config\\prisma.ts","statementMap":{"0":{"start":{"line":3,"column":15},"end":{"line":3,"column":33}}},"fnMap":{},"branchMap":{},"s":{"0":2},"f":{},"b":{},"meta":{"lastBranch":0,"lastFunction":0,"lastStatement":1,"seen":{"s:3:15:3:33":0}}}
,"J:\\ecommerce-backend_v2\\src\\plugins\\errorHandler.ts": {"path":"J:\\ecommerce-backend_v2\\src\\plugins\\errorHandler.ts","statementMap":{"0":{"start":{"line":4,"column":13},"end":{"line":42,"column":null}},"1":{"start":{"line":7,"column":2},"end":{"line":7,"column":null}},"2":{"start":{"line":8,"column":2},"end":{"line":13,"column":null}},"3":{"start":{"line":9,"column":4},"end":{"line":13,"column":null}},"4":{"start":{"line":18,"column":4},"end":{"line":24,"column":null}},"5":{"start":{"line":19,"column":6},"end":{"line":24,"column":null}},"6":{"start":{"line":28,"column":4},"end":{"line":32,"column":null}},"7":{"start":{"line":29,"column":6},"end":{"line":32,"column":null}},"8":{"start":{"line":36,"column":2},"end":{"line":36,"column":null}},"9":{"start":{"line":39,"column":2},"end":{"line":42,"column":null}}},"fnMap":{"0":{"name":"(anonymous_0)","decl":{"start":{"line":4,"column":13},"end":{"line":4,"column":29}},"loc":{"start":{"line":4,"column":99},"end":{"line":42,"column":null}},"line":4}},"branchMap":{"0":{"loc":{"start":{"line":8,"column":2},"end":{"line":13,"column":null}},"type":"if","locations":[{"start":{"line":8,"column":2},"end":{"line":13,"column":null}},{"start":{},"end":{}}],"line":8},"1":{"loc":{"start":{"line":18,"column":4},"end":{"line":24,"column":null}},"type":"if","locations":[{"start":{"line":18,"column":4},"end":{"line":24,"column":null}},{"start":{},"end":{}}],"line":18},"2":{"loc":{"start":{"line":28,"column":4},"end":{"line":32,"column":null}},"type":"if","locations":[{"start":{"line":28,"column":4},"end":{"line":32,"column":null}},{"start":{},"end":{}}],"line":28}},"s":{"0":2,"1":5,"2":5,"3":2,"4":3,"5":2,"6":1,"7":1,"8":0,"9":0},"f":{"0":5},"b":{"0":[2,3],"1":[2,1],"2":[1,0]},"meta":{"lastBranch":3,"lastFunction":1,"lastStatement":10,"seen":{"s:4:13:42:Infinity":0,"f:4:13:4:29":0,"s:7:2:7:Infinity":1,"b:8:2:13:Infinity:undefined:undefined:undefined:undefined":0,"s:8:2:13:Infinity":2,"s:9:4:13:Infinity":3,"b:18:4:24:Infinity:undefined:undefined:undefined:undefined":1,"s:18:4:24:Infinity":4,"s:19:6:24:Infinity":5,"b:28:4:32:Infinity:undefined:undefined:undefined:undefined":2,"s:28:4:32:Infinity":6,"s:29:6:32:Infinity":7,"s:36:2:36:Infinity":8,"s:39:2:42:Infinity":9}}}
,"J:\\ecommerce-backend_v2\\src\\routes\\auth.routes.ts": {"path":"J:\\ecommerce-backend_v2\\src\\routes\\auth.routes.ts","statementMap":{"0":{"start":{"line":15,"column":1},"end":{"line":54,"column":null}},"1":{"start":{"line":51,"column":17},"end":{"line":51,"column":64}},"2":{"start":{"line":52,"column":4},"end":{"line":52,"column":null}},"3":{"start":{"line":59,"column":1},"end":{"line":93,"column":null}},"4":{"start":{"line":76,"column":16},"end":{"line":76,"column":60}},"5":{"start":{"line":80,"column":17},"end":{"line":82,"column":null}},"6":{"start":{"line":86,"column":3},"end":{"line":91,"column":null}}},"fnMap":{"0":{"name":"authRoutes","decl":{"start":{"line":11,"column":30},"end":{"line":11,"column":41}},"loc":{"start":{"line":11,"column":66},"end":{"line":93,"column":null}},"line":11},"1":{"name":"(anonymous_1)","decl":{"start":{"line":49,"column":2},"end":{"line":49,"column":9}},"loc":{"start":{"line":49,"column":28},"end":{"line":54,"column":null}},"line":49},"2":{"name":"(anonymous_2)","decl":{"start":{"line":74,"column":2},"end":{"line":74,"column":9}},"loc":{"start":{"line":74,"column":28},"end":{"line":93,"column":null}},"line":74}},"branchMap":{},"s":{"0":2,"1":2,"2":1,"3":2,"4":1,"5":1,"6":1},"f":{"0":2,"1":2,"2":1},"b":{},"meta":{"lastBranch":0,"lastFunction":3,"lastStatement":7,"seen":{"f:11:30:11:41":0,"s:15:1:54:Infinity":0,"f:49:2:49:9":1,"s:51:17:51:64":1,"s:52:4:52:Infinity":2,"s:59:1:93:Infinity":3,"f:74:2:74:9":2,"s:76:16:76:60":4,"s:80:17:82:Infinity":5,"s:86:3:91:Infinity":6}}}
,"J:\\ecommerce-backend_v2\\src\\routes\\product.routes.ts": {"path":"J:\\ecommerce-backend_v2\\src\\routes\\product.routes.ts","statementMap":{"0":{"start":{"line":15,"column":16},"end":{"line":15,"column":55}},"1":{"start":{"line":18,"column":1},"end":{"line":52,"column":null}},"2":{"start":{"line":49,"column":19},"end":{"line":49,"column":60}},"3":{"start":{"line":50,"column":3},"end":{"line":50,"column":null}},"4":{"start":{"line":55,"column":1},"end":{"line":82,"column":null}},"5":{"start":{"line":78,"column":20},"end":{"line":78,"column":null}},"6":{"start":{"line":79,"column":19},"end":{"line":79,"column":118}},"7":{"start":{"line":81,"column":2},"end":{"line":81,"column":null}},"8":{"start":{"line":85,"column":1},"end":{"line":113,"column":null}},"9":{"start":{"line":106,"column":17},"end":{"line":106,"column":null}},"10":{"start":{"line":108,"column":18},"end":{"line":108,"column":50}},"11":{"start":{"line":109,"column":2},"end":{"line":110,"column":null}},"12":{"start":{"line":110,"column":3},"end":{"line":110,"column":null}},"13":{"start":{"line":112,"column":2},"end":{"line":112,"column":null}},"14":{"start":{"line":116,"column":1},"end":{"line":146,"column":null}},"15":{"start":{"line":138,"column":17},"end":{"line":138,"column":null}},"16":{"start":{"line":140,"column":25},"end":{"line":140,"column":70}},"17":{"start":{"line":142,"column":2},"end":{"line":143,"column":null}},"18":{"start":{"line":143,"column":3},"end":{"line":143,"column":null}},"19":{"start":{"line":145,"column":2},"end":{"line":145,"column":null}},"20":{"start":{"line":149,"column":1},"end":{"line":195,"column":null}},"21":{"start":{"line":172,"column":17},"end":{"line":172,"column":null}},"22":{"start":{"line":174,"column":28},"end":{"line":174,"column":null}},"23":{"start":{"line":177,"column":31},"end":{"line":177,"column":null}},"24":{"start":{"line":180,"column":24},"end":{"line":180,"column":71}},"25":{"start":{"line":182,"column":2},"end":{"line":185,"column":null}},"26":{"start":{"line":183,"column":3},"end":{"line":185,"column":null}},"27":{"start":{"line":188,"column":2},"end":{"line":194,"column":null}}},"fnMap":{"0":{"name":"productRoutes","decl":{"start":{"line":14,"column":22},"end":{"line":14,"column":36}},"loc":{"start":{"line":14,"column":58},"end":{"line":195,"column":null}},"line":14},"1":{"name":"(anonymous_1)","decl":{"start":{"line":48,"column":2},"end":{"line":48,"column":9}},"loc":{"start":{"line":48,"column":31},"end":{"line":52,"column":null}},"line":48},"2":{"name":"(anonymous_2)","decl":{"start":{"line":77,"column":4},"end":{"line":77,"column":11}},"loc":{"start":{"line":77,"column":33},"end":{"line":82,"column":null}},"line":77},"3":{"name":"(anonymous_3)","decl":{"start":{"line":105,"column":4},"end":{"line":105,"column":11}},"loc":{"start":{"line":105,"column":33},"end":{"line":113,"column":null}},"line":105},"4":{"name":"(anonymous_4)","decl":{"start":{"line":136,"column":4},"end":{"line":136,"column":11}},"loc":{"start":{"line":136,"column":33},"end":{"line":146,"column":null}},"line":136},"5":{"name":"(anonymous_5)","decl":{"start":{"line":171,"column":4},"end":{"line":171,"column":11}},"loc":{"start":{"line":171,"column":33},"end":{"line":195,"column":null}},"line":171}},"branchMap":{"0":{"loc":{"start":{"line":79,"column":19},"end":{"line":79,"column":118}},"type":"cond-expr","locations":[{"start":{"line":79,"column":41},"end":{"line":79,"column":88}},{"start":{"line":79,"column":91},"end":{"line":79,"column":118}}],"line":79},"1":{"loc":{"start":{"line":109,"column":2},"end":{"line":110,"column":null}},"type":"if","locations":[{"start":{"line":109,"column":2},"end":{"line":110,"column":null}},{"start":{},"end":{}}],"line":109},"2":{"loc":{"start":{"line":142,"column":2},"end":{"line":143,"column":null}},"type":"if","locations":[{"start":{"line":142,"column":2},"end":{"line":143,"column":null}},{"start":{},"end":{}}],"line":142},"3":{"loc":{"start":{"line":182,"column":2},"end":{"line":185,"column":null}},"type":"if","locations":[{"start":{"line":182,"column":2},"end":{"line":185,"column":null}},{"start":{},"end":{}}],"line":182},"4":{"loc":{"start":{"line":190,"column":12},"end":{"line":192,"column":null}},"type":"cond-expr","locations":[{"start":{"line":191,"column":6},"end":{"line":191,"column":null}},{"start":{"line":192,"column":6},"end":{"line":192,"column":null}}],"line":190}},"s":{"0":2,"1":2,"2":2,"3":1,"4":2,"5":2,"6":2,"7":1,"8":2,"9":2,"10":2,"11":2,"12":1,"13":1,"14":2,"15":2,"16":2,"17":2,"18":1,"19":1,"20":2,"21":4,"22":4,"23":4,"24":4,"25":3,"26":1,"27":2},"f":{"0":2,"1":2,"2":2,"3":2,"4":2,"5":4},"b":{"0":[1,1],"1":[1,1],"2":[1,1],"3":[1,2],"4":[1,1]},"meta":{"lastBranch":5,"lastFunction":6,"lastStatement":28,"seen":{"f:14:22:14:36":0,"s:15:16:15:55":0,"s:18:1:52:Infinity":1,"f:48:2:48:9":1,"s:49:19:49:60":2,"s:50:3:50:Infinity":3,"s:55:1:82:Infinity":4,"f:77:4:77:11":2,"s:78:20:78:Infinity":5,"s:79:19:79:118":6,"b:79:41:79:88:79:91:79:118":0,"s:81:2:81:Infinity":7,"s:85:1:113:Infinity":8,"f:105:4:105:11":3,"s:106:17:106:Infinity":9,"s:108:18:108:50":10,"b:109:2:110:Infinity:undefined:undefined:undefined:undefined":1,"s:109:2:110:Infinity":11,"s:110:3:110:Infinity":12,"s:112:2:112:Infinity":13,"s:116:1:146:Infinity":14,"f:136:4:136:11":4,"s:138:17:138:Infinity":15,"s:140:25:140:70":16,"b:142:2:143:Infinity:undefined:undefined:undefined:undefined":2,"s:142:2:143:Infinity":17,"s:143:3:143:Infinity":18,"s:145:2:145:Infinity":19,"s:149:1:195:Infinity":20,"f:171:4:171:11":5,"s:172:17:172:Infinity":21,"s:174:28:174:Infinity":22,"s:177:31:177:Infinity":23,"s:180:24:180:71":24,"b:182:2:185:Infinity:undefined:undefined:undefined:undefined":3,"s:182:2:185:Infinity":25,"s:183:3:185:Infinity":26,"s:188:2:194:Infinity":27,"b:191:6:191:Infinity:192:6:192:Infinity":4}}}
,"J:\\ecommerce-backend_v2\\src\\schemas\\auth.schema.ts": {"path":"J:\\ecommerce-backend_v2\\src\\schemas\\auth.schema.ts","statementMap":{"0":{"start":{"line":4,"column":30},"end":{"line":10,"column":2}},"1":{"start":{"line":13,"column":27},"end":{"line":16,"column":2}},"2":{"start":{"line":19,"column":34},"end":{"line":26,"column":2}},"3":{"start":{"line":29,"column":35},"end":{"line":32,"column":2}}},"fnMap":{},"branchMap":{},"s":{"0":2,"1":2,"2":2,"3":2},"f":{},"b":{},"meta":{"lastBranch":0,"lastFunction":0,"lastStatement":4,"seen":{"s:4:30:10:2":0,"s:13:27:16:2":1,"s:19:34:26:2":2,"s:29:35:32:2":3}}}
,"J:\\ecommerce-backend_v2\\src\\schemas\\product.schema.ts": {"path":"J:\\ecommerce-backend_v2\\src\\schemas\\product.schema.ts","statementMap":{"0":{"start":{"line":8,"column":35},"end":{"line":15,"column":2}},"1":{"start":{"line":18,"column":35},"end":{"line":18,"column":64}},"2":{"start":{"line":21,"column":35},"end":{"line":23,"column":2}},"3":{"start":{"line":26,"column":35},"end":{"line":28,"column":2}},"4":{"start":{"line":30,"column":33},"end":{"line":32,"column":2}},"5":{"start":{"line":35,"column":37},"end":{"line":47,"column":2}},"6":{"start":{"line":40,"column":30},"end":{"line":40,"column":41}}},"fnMap":{"0":{"name":"(anonymous_0)","decl":{"start":{"line":40,"column":10},"end":{"line":40,"column":22}},"loc":{"start":{"line":40,"column":30},"end":{"line":40,"column":41}},"line":40}},"branchMap":{},"s":{"0":2,"1":2,"2":2,"3":2,"4":2,"5":2,"6":40},"f":{"0":40},"b":{},"meta":{"lastBranch":0,"lastFunction":1,"lastStatement":7,"seen":{"s:8:35:15:2":0,"s:18:35:18:64":1,"s:21:35:23:2":2,"s:26:35:28:2":3,"s:30:33:32:2":4,"s:35:37:47:2":5,"f:40:10:40:22":0,"s:40:30:40:41":6}}}
,"J:\\ecommerce-backend_v2\\src\\services\\auth.service.ts": {"path":"J:\\ecommerce-backend_v2\\src\\services\\auth.service.ts","statementMap":{"0":{"start":{"line":15,"column":23},"end":{"line":17,"column":4}},"1":{"start":{"line":19,"column":2},"end":{"line":22,"column":null}},"2":{"start":{"line":20,"column":17},"end":{"line":20,"column":58}},"3":{"start":{"line":21,"column":4},"end":{"line":21,"column":null}},"4":{"start":{"line":22,"column":3},"end":{"line":22,"column":null}},"5":{"start":{"line":26,"column":25},"end":{"line":26,"column":61}},"6":{"start":{"line":29,"column":15},"end":{"line":35,"column":4}},"7":{"start":{"line":38,"column":47},"end":{"line":38,"column":null}},"8":{"start":{"line":39,"column":2},"end":{"line":39,"column":null}},"9":{"start":{"line":47,"column":15},"end":{"line":49,"column":4}},"10":{"start":{"line":52,"column":2},"end":{"line":55,"column":null}},"11":{"start":{"line":53,"column":17},"end":{"line":53,"column":52}},"12":{"start":{"line":54,"column":4},"end":{"line":54,"column":null}},"13":{"start":{"line":55,"column":3},"end":{"line":55,"column":null}},"14":{"start":{"line":59,"column":26},"end":{"line":61,"column":null}},"15":{"start":{"line":64,"column":2},"end":{"line":67,"column":null}},"16":{"start":{"line":65,"column":17},"end":{"line":65,"column":52}},"17":{"start":{"line":66,"column":4},"end":{"line":66,"column":null}},"18":{"start":{"line":67,"column":3},"end":{"line":67,"column":null}},"19":{"start":{"line":71,"column":47},"end":{"line":71,"column":null}},"20":{"start":{"line":72,"column":2},"end":{"line":72,"column":null}}},"fnMap":{"0":{"name":"(anonymous_0)","decl":{"start":{"line":9,"column":14},"end":{"line":9,"column":23}},"loc":{"start":{"line":13,"column":4},"end":{"line":39,"column":null}},"line":13},"1":{"name":"(anonymous_1)","decl":{"start":{"line":45,"column":14},"end":{"line":45,"column":20}},"loc":{"start":{"line":45,"column":63},"end":{"line":72,"column":null}},"line":45}},"branchMap":{"0":{"loc":{"start":{"line":19,"column":2},"end":{"line":22,"column":null}},"type":"if","locations":[{"start":{"line":19,"column":2},"end":{"line":22,"column":null}},{"start":{},"end":{}}],"line":19},"1":{"loc":{"start":{"line":52,"column":2},"end":{"line":55,"column":null}},"type":"if","locations":[{"start":{"line":52,"column":2},"end":{"line":55,"column":null}},{"start":{},"end":{}}],"line":52},"2":{"loc":{"start":{"line":64,"column":2},"end":{"line":67,"column":null}},"type":"if","locations":[{"start":{"line":64,"column":2},"end":{"line":67,"column":null}},{"start":{},"end":{}}],"line":64}},"s":{"0":2,"1":2,"2":1,"3":1,"4":1,"5":1,"6":1,"7":1,"8":1,"9":1,"10":1,"11":0,"12":0,"13":0,"14":1,"15":1,"16":0,"17":0,"18":0,"19":1,"20":1},"f":{"0":2,"1":2},"b":{"0":[1,1],"1":[0,1],"2":[0,1]},"meta":{"lastBranch":3,"lastFunction":2,"lastStatement":21,"seen":{"f:9:14:9:23":0,"s:15:23:17:4":0,"b:19:2:22:Infinity:undefined:undefined:undefined:undefined":0,"s:19:2:22:Infinity":1,"s:20:17:20:58":2,"s:21:4:21:Infinity":3,"s:22:3:22:Infinity":4,"s:26:25:26:61":5,"s:29:15:35:4":6,"s:38:47:38:Infinity":7,"s:39:2:39:Infinity":8,"f:45:14:45:20":1,"s:47:15:49:4":9,"b:52:2:55:Infinity:undefined:undefined:undefined:undefined":1,"s:52:2:55:Infinity":10,"s:53:17:53:52":11,"s:54:4:54:Infinity":12,"s:55:3:55:Infinity":13,"s:59:26:61:Infinity":14,"b:64:2:67:Infinity:undefined:undefined:undefined:undefined":2,"s:64:2:67:Infinity":15,"s:65:17:65:52":16,"s:66:4:66:Infinity":17,"s:67:3:67:Infinity":18,"s:71:47:71:Infinity":19,"s:72:2:72:Infinity":20}}}
,"J:\\ecommerce-backend_v2\\src\\services\\product.service.ts": {"path":"J:\\ecommerce-backend_v2\\src\\services\\product.service.ts","statementMap":{"0":{"start":{"line":9,"column":30},"end":{"line":53,"column":null}},"1":{"start":{"line":12,"column":2},"end":{"line":12,"column":null}},"2":{"start":{"line":16,"column":2},"end":{"line":16,"column":null}},"3":{"start":{"line":20,"column":2},"end":{"line":23,"column":null}},"4":{"start":{"line":27,"column":2},"end":{"line":29,"column":null}},"5":{"start":{"line":34,"column":2},"end":{"line":39,"column":null}},"6":{"start":{"line":44,"column":2},"end":{"line":50,"column":null}},"7":{"start":{"line":45,"column":3},"end":{"line":48,"column":null}},"8":{"start":{"line":50,"column":3},"end":{"line":50,"column":null}}},"fnMap":{"0":{"name":"(anonymous_0)","decl":{"start":{"line":11,"column":9},"end":{"line":11,"column":16}},"loc":{"start":{"line":11,"column":30},"end":{"line":12,"column":null}},"line":11},"1":{"name":"(anonymous_1)","decl":{"start":{"line":15,"column":7},"end":{"line":15,"column":19}},"loc":{"start":{"line":15,"column":19},"end":{"line":16,"column":null}},"line":15},"2":{"name":"(anonymous_2)","decl":{"start":{"line":19,"column":9},"end":{"line":19,"column":15}},"loc":{"start":{"line":19,"column":41},"end":{"line":23,"column":null}},"line":19},"3":{"name":"(anonymous_3)","decl":{"start":{"line":26,"column":10},"end":{"line":26,"column":17}},"loc":{"start":{"line":26,"column":32},"end":{"line":29,"column":null}},"line":26},"4":{"name":"(anonymous_4)","decl":{"start":{"line":33,"column":14},"end":{"line":33,"column":21}},"loc":{"start":{"line":33,"column":39},"end":{"line":39,"column":null}},"line":33},"5":{"name":"(anonymous_5)","decl":{"start":{"line":43,"column":9},"end":{"line":43,"column":16}},"loc":{"start":{"line":43,"column":55},"end":{"line":50,"column":null}},"line":43}},"branchMap":{"0":{"loc":{"start":{"line":44,"column":2},"end":{"line":50,"column":null}},"type":"if","locations":[{"start":{"line":44,"column":2},"end":{"line":50,"column":null}},{"start":{"line":49,"column":7},"end":{"line":50,"column":null}}],"line":44}},"s":{"0":2,"1":1,"2":1,"3":1,"4":1,"5":1,"6":2,"7":1,"8":1},"f":{"0":1,"1":1,"2":1,"3":1,"4":1,"5":2},"b":{"0":[1,1]},"meta":{"lastBranch":1,"lastFunction":6,"lastStatement":9,"seen":{"s:9:30:53:Infinity":0,"f:11:9:11:16":0,"s:12:2:12:Infinity":1,"f:15:7:15:19":1,"s:16:2:16:Infinity":2,"f:19:9:19:15":2,"s:20:2:23:Infinity":3,"f:26:10:26:17":3,"s:27:2:29:Infinity":4,"f:33:14:33:21":4,"s:34:2:39:Infinity":5,"f:43:9:43:16":5,"b:44:2:50:Infinity:49:7:50:Infinity":0,"s:44:2:50:Infinity":6,"s:45:3:48:Infinity":7,"s:50:3:50:Infinity":8}}}
}
